[2026-02-12T13:26:18.760+0000] {local_task_job_runner.py:120} INFO - ::group::Pre task execution logs
[2026-02-12T13:26:18.803+0000] {taskinstance.py:2076} INFO - Dependencies all met for dep_context=non-requeueable deps ti=<TaskInstance: extract_api.count_rows_file_2 manual__2026-02-12T13:26:15.171453+00:00 [queued]>
[2026-02-12T13:26:18.812+0000] {taskinstance.py:2076} INFO - Dependencies all met for dep_context=requeueable deps ti=<TaskInstance: extract_api.count_rows_file_2 manual__2026-02-12T13:26:15.171453+00:00 [queued]>
[2026-02-12T13:26:18.813+0000] {taskinstance.py:2306} INFO - Starting attempt 1 of 1
[2026-02-12T13:26:18.830+0000] {taskinstance.py:2330} INFO - Executing <Task(PythonOperator): count_rows_file_2> on 2026-02-12 13:26:15.171453+00:00
[2026-02-12T13:26:18.841+0000] {logging_mixin.py:188} WARNING - /home/***/.local/lib/python3.12/site-packages/***/task/task_runner/standard_task_runner.py:62 DeprecationWarning: This process (pid=1185) is multi-threaded, use of fork() may lead to deadlocks in the child.
[2026-02-12T13:26:18.841+0000] {standard_task_runner.py:90} INFO - Running: ['***', 'tasks', 'run', 'extract_api', 'count_rows_file_2', 'manual__2026-02-12T13:26:15.171453+00:00', '--job-id', '53', '--raw', '--subdir', 'DAGS_FOLDER/extract_api.py', '--cfg-path', '/tmp/tmpoq8zbu1g']
[2026-02-12T13:26:18.843+0000] {standard_task_runner.py:64} INFO - Started process 1188 to run task
[2026-02-12T13:26:18.844+0000] {standard_task_runner.py:91} INFO - Job 53: Subtask count_rows_file_2
[2026-02-12T13:26:18.927+0000] {task_command.py:426} INFO - Running <TaskInstance: extract_api.count_rows_file_2 manual__2026-02-12T13:26:15.171453+00:00 [running]> on host 8460ca753ff4
[2026-02-12T13:26:19.036+0000] {taskinstance.py:2648} INFO - Exporting env vars: AIRFLOW_CTX_DAG_OWNER='***' AIRFLOW_CTX_DAG_ID='extract_api' AIRFLOW_CTX_TASK_ID='count_rows_file_2' AIRFLOW_CTX_EXECUTION_DATE='2026-02-12T13:26:15.171453+00:00' AIRFLOW_CTX_TRY_NUMBER='1' AIRFLOW_CTX_DAG_RUN_ID='manual__2026-02-12T13:26:15.171453+00:00'
[2026-02-12T13:26:19.038+0000] {taskinstance.py:430} INFO - ::endgroup::
[2026-02-12T13:26:19.054+0000] {taskinstance.py:441} INFO - ::group::Post task execution logs
[2026-02-12T13:26:19.055+0000] {taskinstance.py:2905} ERROR - Task failed with exception
Traceback (most recent call last):
  File "/home/airflow/.local/lib/python3.12/site-packages/airflow/models/taskinstance.py", line 465, in _execute_task
    result = _execute_callable(context=context, **execute_callable_kwargs)
             ^^^^^^^^^^^^^^^^^^^^^^^^^^^^^^^^^^^^^^^^^^^^^^^^^^^^^^^^^^^^^
  File "/home/airflow/.local/lib/python3.12/site-packages/airflow/models/taskinstance.py", line 432, in _execute_callable
    return execute_callable(context=context, **execute_callable_kwargs)
           ^^^^^^^^^^^^^^^^^^^^^^^^^^^^^^^^^^^^^^^^^^^^^^^^^^^^^^^^^^^^
  File "/home/airflow/.local/lib/python3.12/site-packages/airflow/models/baseoperator.py", line 401, in wrapper
    return func(self, *args, **kwargs)
           ^^^^^^^^^^^^^^^^^^^^^^^^^^^
  File "/home/airflow/.local/lib/python3.12/site-packages/airflow/operators/python.py", line 235, in execute
    return_value = self.execute_callable()
                   ^^^^^^^^^^^^^^^^^^^^^^^
  File "/home/airflow/.local/lib/python3.12/site-packages/airflow/operators/python.py", line 252, in execute_callable
    return self.python_callable(*self.op_args, **self.op_kwargs)
           ^^^^^^^^^^^^^^^^^^^^^^^^^^^^^^^^^^^^^^^^^^^^^^^^^^^^^
  File "/opt/airflow/dags/extract_api.py", line 50, in count_rows
    with open(file_path, "r", encoding="utf-8") as f:
         ^^^^^^^^^^^^^^^^^^^^^^^^^^^^^^^^^^^^^^
FileNotFoundError: [Errno 2] No such file or directory: 'C:/project/api_data/file_name'
[2026-02-12T13:26:19.072+0000] {taskinstance.py:1206} INFO - Marking task as FAILED. dag_id=extract_api, task_id=count_rows_file_2, run_id=manual__2026-02-12T13:26:15.171453+00:00, execution_date=20260212T132615, start_date=20260212T132618, end_date=20260212T132619
[2026-02-12T13:26:19.091+0000] {standard_task_runner.py:110} ERROR - Failed to execute job 53 for task count_rows_file_2 ([Errno 2] No such file or directory: 'C:/project/api_data/file_name'; 1188)
[2026-02-12T13:26:19.139+0000] {local_task_job_runner.py:243} INFO - Task exited with return code 1
[2026-02-12T13:26:19.155+0000] {local_task_job_runner.py:222} INFO - ::endgroup::
